<?xml version="1.0" encoding="UTF-8" ?>
<testsuite tests="6" failures="0" name="de.taulinger.bddplay.RunCucumberTest" time="298.21" errors="1" skipped="0">
  <properties>
    <property name="java.runtime.name" value="OpenJDK Runtime Environment"/>
    <property name="java.vm.version" value="13.0.1+9"/>
    <property name="sun.boot.library.path" value="/Library/Java/JavaVirtualMachines/openjdk-13.0.1.jdk/Contents/Home/lib"/>
    <property name="maven.multiModuleProjectDirectory" value="/Users/Dmitriy/Documents/projects/playwright"/>
    <property name="java.vm.vendor" value="Oracle Corporation"/>
    <property name="java.vendor.url" value="https://java.oracle.com/"/>
    <property name="guice.disable.misplaced.annotation.check" value="true"/>
    <property name="path.separator" value=":"/>
    <property name="java.vm.name" value="OpenJDK 64-Bit Server VM"/>
    <property name="user.country" value="IL"/>
    <property name="sun.java.launcher" value="SUN_STANDARD"/>
    <property name="java.vm.specification.name" value="Java Virtual Machine Specification"/>
    <property name="user.dir" value="/Users/Dmitriy/Documents/projects/playwright"/>
    <property name="java.vm.compressedOopsMode" value="Zero based"/>
    <property name="java.runtime.version" value="13.0.1+9"/>
    <property name="os.arch" value="x86_64"/>
    <property name="java.io.tmpdir" value="/var/folders/1b/4tlvjs7s1l962qqghknd4y780000gp/T/"/>
    <property name="line.separator" value="
"/>
    <property name="java.vm.specification.vendor" value="Oracle Corporation"/>
    <property name="os.name" value="Mac OS X"/>
    <property name="maven.ext.class.path" value="/Applications/IntelliJ IDEA CE.app/Contents/plugins/maven/lib/maven-event-listener.jar"/>
    <property name="classworlds.conf" value="/Applications/IntelliJ IDEA CE.app/Contents/plugins/maven/lib/maven3/bin/m2.conf"/>
    <property name="sun.jnu.encoding" value="UTF-8"/>
    <property name="java.library.path" value="/Users/Dmitriy/Library/Java/Extensions:/Library/Java/Extensions:/Network/Library/Java/Extensions:/System/Library/Java/Extensions:/usr/lib/java:."/>
    <property name="maven.conf" value="/Applications/IntelliJ IDEA CE.app/Contents/plugins/maven/lib/maven3/conf"/>
    <property name="jdk.debug" value="release"/>
    <property name="java.class.version" value="57.0"/>
    <property name="java.specification.name" value="Java Platform API Specification"/>
    <property name="sun.management.compiler" value="HotSpot 64-Bit Tiered Compilers"/>
    <property name="os.version" value="10.15.7"/>
    <property name="http.nonProxyHosts" value="local|*.local|169.254/16|*.169.254/16"/>
    <property name="user.home" value="/Users/Dmitriy"/>
    <property name="user.timezone" value="Europe/Kiev"/>
    <property name="file.encoding" value="UTF-8"/>
    <property name="java.specification.version" value="13"/>
    <property name="user.name" value="Dmitriy"/>
    <property name="java.class.path" value="/Applications/IntelliJ IDEA CE.app/Contents/plugins/maven/lib/maven3/boot/plexus-classworlds.license:/Applications/IntelliJ IDEA CE.app/Contents/plugins/maven/lib/maven3/boot/plexus-classworlds-2.6.0.jar"/>
    <property name="java.vm.specification.version" value="13"/>
    <property name="sun.arch.data.model" value="64"/>
    <property name="sun.java.command" value="org.codehaus.classworlds.Launcher -Didea.version2020.1.1 test"/>
    <property name="java.home" value="/Library/Java/JavaVirtualMachines/openjdk-13.0.1.jdk/Contents/Home"/>
    <property name="user.language" value="en"/>
    <property name="java.specification.vendor" value="Oracle Corporation"/>
    <property name="idea.version2020.1.1" value="true"/>
    <property name="java.vm.info" value="mixed mode, sharing"/>
    <property name="java.version" value="13.0.1"/>
    <property name="java.vendor" value="Oracle Corporation"/>
    <property name="maven.home" value="/Applications/IntelliJ IDEA CE.app/Contents/plugins/maven/lib/maven3"/>
    <property name="file.separator" value="/"/>
    <property name="java.version.date" value="2019-10-15"/>
    <property name="java.vendor.url.bug" value="https://bugreport.java.com/bugreport/"/>
    <property name="sun.io.unicode.encoding" value="UnicodeBig"/>
    <property name="sun.cpu.endian" value="little"/>
    <property name="socksNonProxyHosts" value="local|*.local|169.254/16|*.169.254/16"/>
    <property name="ftp.nonProxyHosts" value="local|*.local|169.254/16|*.169.254/16"/>
  </properties>
  <testcase classname="Menu #1" name="Bayernatlas shows a menu in Firefox for desktop usage" time="218.627"/>
  <testcase classname="Menu #1" name="Bayernatlas shows a menu in Chromium for desktop usage" time="13.968"/>
  <testcase classname="Menu #1" name="Bayernatlas shows a menu in Webkit for desktop usage" time="13.665"/>
  <testcase classname="Menu #2" name="Bayernatlas shows a menu in Firefox for mobile usage" time="13.244"/>
  <testcase classname="Menu #2" name="Bayernatlas shows a menu in Chromium for mobile usage" time="7.481"/>
  <testcase classname="Menu #2" name="Bayernatlas shows a menu in Webkit for mobile usage" time="31.225">
    <error message="Timeout 30000ms exceeded" type="com.microsoft.playwright.PlaywrightException">com.microsoft.playwright.PlaywrightException: Timeout 30000ms exceeded
	at com.microsoft.playwright.impl.WaitableTimeout.get(WaitableTimeout.java:41)
	at com.microsoft.playwright.impl.WaitableRace.get(WaitableRace.java:44)
	at com.microsoft.playwright.impl.ChannelOwner.runUntil(ChannelOwner.java:88)
	at com.microsoft.playwright.impl.FrameImpl.waitForLoadStateImpl(FrameImpl.java:767)
	at com.microsoft.playwright.impl.PageImpl.lambda$waitForLoadState$56(PageImpl.java:1175)
	at com.microsoft.playwright.impl.LoggingSupport.lambda$withLogging$0(LoggingSupport.java:40)
	at com.microsoft.playwright.impl.LoggingSupport.withLogging(LoggingSupport.java:51)
	at com.microsoft.playwright.impl.LoggingSupport.withLogging(LoggingSupport.java:39)
	at com.microsoft.playwright.impl.PageImpl.waitForLoadState(PageImpl.java:1174)
	at com.microsoft.playwright.Page.waitForLoadState(Page.java:2358)
	at de.taulinger.bddplay.ba.MainMenuMobileStep.i_load_the_page_with_for_mobile(MainMenuMobileStep.java:26)
	at ✽.I load the page with &apos;Webkit&apos; for mobile usage(classpath:de/taulinger/bddplay/ba/MainMenuMobile.feature:16)
</error>
    <system-out>
Scenario: Bayernatlas shows a menu in Webkit for mobile usage &amp;#27;[90m# de/taulinger/bddplay/ba/MainMenuMobile.feature:14&amp;#27;[0m
  &amp;#27;[32mGiven &amp;#27;[0m&amp;#27;[32mA menu for mobile usage&amp;#27;[0m                               &amp;#27;[90m# de.taulinger.bddplay.ba.MainMenuMobileStep.bayern_atlas_which_contains_a_menu_for_mobile()&amp;#27;[0m
  &amp;#27;[31mWhen &amp;#27;[0m&amp;#27;[31mI load the page with &amp;#27;[0m&amp;#27;[31m&amp;#27;[1m&apos;Webkit&apos;&amp;#27;[0m&amp;#27;[31m for mobile usage&amp;#27;[0m         &amp;#27;[90m# de.taulinger.bddplay.ba.MainMenuMobileStep.i_load_the_page_with_for_mobile(java.lang.String)&amp;#27;[0m
      &amp;#27;[31mcom.microsoft.playwright.PlaywrightException: Timeout 30000ms exceeded
	at com.microsoft.playwright.impl.WaitableTimeout.get(WaitableTimeout.java:41)
	at com.microsoft.playwright.impl.WaitableRace.get(WaitableRace.java:44)
	at com.microsoft.playwright.impl.ChannelOwner.runUntil(ChannelOwner.java:88)
	at com.microsoft.playwright.impl.FrameImpl.waitForLoadStateImpl(FrameImpl.java:767)
	at com.microsoft.playwright.impl.PageImpl.lambda$waitForLoadState$56(PageImpl.java:1175)
	at com.microsoft.playwright.impl.LoggingSupport.lambda$withLogging$0(LoggingSupport.java:40)
	at com.microsoft.playwright.impl.LoggingSupport.withLogging(LoggingSupport.java:51)
	at com.microsoft.playwright.impl.LoggingSupport.withLogging(LoggingSupport.java:39)
	at com.microsoft.playwright.impl.PageImpl.waitForLoadState(PageImpl.java:1174)
	at com.microsoft.playwright.Page.waitForLoadState(Page.java:2358)
	at de.taulinger.bddplay.ba.MainMenuMobileStep.i_load_the_page_with_for_mobile(MainMenuMobileStep.java:26)
	at ✽.I load the page with &apos;Webkit&apos; for mobile usage(classpath:de/taulinger/bddplay/ba/MainMenuMobile.feature:16)
&amp;#27;[0m
  &amp;#27;[36mThen &amp;#27;[0m&amp;#27;[36mThe main menu should show a button for mobile usage&amp;#27;[0m    &amp;#27;[90m# de.taulinger.bddplay.ba.MainMenuMobileStep.the_main_menu_should_show_a_button()&amp;#27;[0m
</system-out>
  </testcase>
</testsuite>